0 info it worked if it ends with ok
1 verbose cli [ '/home/ubuntu/.nvm/v0.10.28/bin/node',
1 verbose cli   '/home/ubuntu/.nvm/v0.10.28/bin/npm',
1 verbose cli   'start' ]
2 info using npm@1.4.9
3 info using node@v0.10.28
4 verbose run-script [ 'prestart', 'start', 'poststart' ]
5 info prestart Komon@0.0.1
6 verbose unsafe-perm in lifecycle true
7 info start Komon@0.0.1
8 verbose unsafe-perm in lifecycle true
9 info Komon@0.0.1 Failed to exec start script
10 error Komon@0.0.1 start: `node ./bin/www`
10 error Exit status 8
11 error Failed at the Komon@0.0.1 start script.
11 error This is most likely a problem with the Komon package,
11 error not with npm itself.
11 error Tell the author that this fails on your system:
11 error     node ./bin/www
11 error You can get their info via:
11 error     npm owner ls Komon
11 error There is likely additional logging output above.
12 error System Linux 3.14.12-c9
13 error command "/home/ubuntu/.nvm/v0.10.28/bin/node" "/home/ubuntu/.nvm/v0.10.28/bin/npm" "start"
14 error cwd /home/ubuntu/workspace/Komon
15 error node -v v0.10.28
16 error npm -v 1.4.9
17 error code ELIFECYCLE
18 verbose exit [ 1, true ]
